Using pre-set license
Built from '2022.3/release' branch; Version is '2022.3.48f1 (8bf49c377ebf) revision 9172124'; Using compiler version '192829333'; Build Type 'Release'
OS: 'Windows 11  (10.0.22631) 64bit Professional' Language: 'en' Physical Memory: 28416 MB
BatchMode: 1, IsHumanControllingUs: 0, StartBugReporterOnCrash: 0, Is64bit: 1, IsPro: 1

COMMAND LINE ARGUMENTS:
C:\Program Files\Unity\Hub\Editor\2022.3.48f1\Editor\Unity.exe
-adb2
-batchMode
-noUpm
-name
AssetImportWorker1
-projectPath
C:/Users/lucas/Documents/AR-Remote-Surgical-Assistant/AR_surgical_assistant
-logFile
Logs/AssetImportWorker1.log
-srvPort
52190
Successfully changed project path to: C:/Users/lucas/Documents/AR-Remote-Surgical-Assistant/AR_surgical_assistant
C:/Users/lucas/Documents/AR-Remote-Surgical-Assistant/AR_surgical_assistant
[UnityMemory] Configuration Parameters - Can be set up in boot.config
    "memorysetup-bucket-allocator-granularity=16"
    "memorysetup-bucket-allocator-bucket-count=8"
    "memorysetup-bucket-allocator-block-size=33554432"
    "memorysetup-bucket-allocator-block-count=8"
    "memorysetup-main-allocator-block-size=16777216"
    "memorysetup-thread-allocator-block-size=16777216"
    "memorysetup-gfx-main-allocator-block-size=16777216"
    "memorysetup-gfx-thread-allocator-block-size=16777216"
    "memorysetup-cache-allocator-block-size=4194304"
    "memorysetup-typetree-allocator-block-size=2097152"
    "memorysetup-profiler-bucket-allocator-granularity=16"
    "memorysetup-profiler-bucket-allocator-bucket-count=8"
    "memorysetup-profiler-bucket-allocator-block-size=33554432"
    "memorysetup-profiler-bucket-allocator-block-count=8"
    "memorysetup-profiler-allocator-block-size=16777216"
    "memorysetup-profiler-editor-allocator-block-size=1048576"
    "memorysetup-temp-allocator-size-main=16777216"
    "memorysetup-job-temp-allocator-block-size=2097152"
    "memorysetup-job-temp-allocator-block-size-background=1048576"
    "memorysetup-job-temp-allocator-reduction-small-platforms=262144"
    "memorysetup-allocator-temp-initial-block-size-main=262144"
    "memorysetup-allocator-temp-initial-block-size-worker=262144"
    "memorysetup-temp-allocator-size-background-worker=32768"
    "memorysetup-temp-allocator-size-job-worker=262144"
    "memorysetup-temp-allocator-size-preload-manager=33554432"
    "memorysetup-temp-allocator-size-nav-mesh-worker=65536"
    "memorysetup-temp-allocator-size-audio-worker=65536"
    "memorysetup-temp-allocator-size-cloud-worker=32768"
    "memorysetup-temp-allocator-size-gi-baking-worker=262144"
    "memorysetup-temp-allocator-size-gfx=262144"
Player connection [29016]  Target information:

Player connection [29016]  * "[IP] 10.5.34.225 [Port] 0 [Flags] 2 [Guid] 1357702523 [EditorId] 1357702523 [Version] 1048832 [Id] WindowsEditor(7,LucaLaptop) [Debug] 1 [PackageName] WindowsEditor [ProjectName] Editor" 

Player connection [29016] Host joined multi-casting on [225.0.0.222:54997]...
Player connection [29016] Host joined alternative multi-casting on [225.0.0.222:34997]...
[PhysX] Initialized MultithreadedTaskDispatcher with 16 workers.
Refreshing native plugins compatible for Editor in 56.26 ms, found 22 plugins.
Preloading 1 native plugins for Editor in 2.89 ms.
Initialize engine version: 2022.3.48f1 (8bf49c377ebf)
[Subsystems] Discovering subsystems at path C:/Program Files/Unity/Hub/Editor/2022.3.48f1/Editor/Data/Resources/UnitySubsystems
[Subsystems] Discovering subsystems at path C:/Users/lucas/Documents/AR-Remote-Surgical-Assistant/AR_surgical_assistant/Assets
GfxDevice: creating device client; threaded=0; jobified=0
Direct3D:
    Version:  Direct3D 11.0 [level 11.1]
    Renderer: NVIDIA GeForce RTX 4050 Laptop GPU (ID=0x28e1)
    Vendor:   NVIDIA
    VRAM:     5921 MB
    Driver:   32.0.15.6094
Initialize mono
Mono path[0] = 'C:/Program Files/Unity/Hub/Editor/2022.3.48f1/Editor/Data/Managed'
Mono path[1] = 'C:/Program Files/Unity/Hub/Editor/2022.3.48f1/Editor/Data/MonoBleedingEdge/lib/mono/unityjit-win32'
Mono config path = 'C:/Program Files/Unity/Hub/Editor/2022.3.48f1/Editor/Data/MonoBleedingEdge/etc'
Using monoOptions --debugger-agent=transport=dt_socket,embedding=1,server=y,suspend=n,address=127.0.0.1:56020
Begin MonoManager ReloadAssembly
Registering precompiled unity dll's ...
Register platform support module: C:/Program Files/Unity/Hub/Editor/2022.3.48f1/Editor/Data/PlaybackEngines/AndroidPlayer/UnityEditor.Android.Extensions.dll
Register platform support module: C:/Program Files/Unity/Hub/Editor/2022.3.48f1/Editor/Data/PlaybackEngines/WindowsStandaloneSupport/UnityEditor.WindowsStandalone.Extensions.dll
Registered in 0.015173 seconds.
- Loaded All Assemblies, in  0.625 seconds
Native extension for WindowsStandalone target not found
Native extension for Android target not found
Android Extension - Scanning For ADB Devices 980 ms
Mono: successfully reloaded assembly
- Finished resetting the current domain, in  1.448 seconds
Domain Reload Profiling: 2072ms
	BeginReloadAssembly (182ms)
		ExecutionOrderSort (0ms)
		DisableScriptedObjects (0ms)
		BackupInstance (0ms)
		ReleaseScriptingObjects (0ms)
		CreateAndSetChildDomain (1ms)
	RebuildCommonClasses (54ms)
	RebuildNativeTypeToScriptingClass (17ms)
	initialDomainReloadingComplete (97ms)
	LoadAllAssembliesAndSetupDomain (273ms)
		LoadAssemblies (181ms)
		RebuildTransferFunctionScriptingTraits (0ms)
		AnalyzeDomain (268ms)
			TypeCache.Refresh (266ms)
				TypeCache.ScanAssembly (243ms)
			ScanForSourceGeneratedMonoScriptInfo (1ms)
			ResolveRequiredComponents (1ms)
	FinalizeReload (1449ms)
		ReleaseScriptCaches (0ms)
		RebuildScriptCaches (0ms)
		SetupLoadedEditorAssemblies (1372ms)
			LogAssemblyErrors (0ms)
			InitializePlatformSupportModulesInManaged (1135ms)
			SetLoadedEditorAssemblies (5ms)
			RefreshPlugins (0ms)
			BeforeProcessingInitializeOnLoad (3ms)
			ProcessInitializeOnLoadAttributes (163ms)
			ProcessInitializeOnLoadMethodAttributes (65ms)
			AfterProcessingInitializeOnLoad (0ms)
			EditorAssembliesLoaded (0ms)
		ExecutionOrderSort2 (0ms)
		AwakeInstancesAfterBackupRestoration (0ms)
========================================================================
Worker process is ready to serve import requests
Caller must complete domain reload
Begin MonoManager ReloadAssembly
- Loaded All Assemblies, in  1.351 seconds
Native extension for WindowsStandalone target not found
Native extension for Android target not found
Package Manager log level set to [2]
[Package Manager] Server::EnsureServerProcessIsRunning -- launch failed, reason: Unity was launched with the -noUpm command-line argument
[Package Manager] UpmClient::Send -- Unable to send message (not connected to UPM process).
[Package Manager] Cannot connect to Unity Package Manager local server
[Package Manager] Server::EnsureServerProcessIsRunning -- launch failed, reason: Unity was launched with the -noUpm command-line argument
[Package Manager] UpmClient::Send -- Unable to send message (not connected to UPM process).
[Package Manager] Cannot connect to Unity Package Manager local server
[Package Manager] Server::EnsureServerProcessIsRunning -- launch failed, reason: Unity was launched with the -noUpm command-line argument
[Package Manager] UpmClient::Send -- Unable to send message (not connected to UPM process).
[Package Manager] Cannot connect to Unity Package Manager local server
Mono: successfully reloaded assembly
[Package Manager] Server::EnsureServerProcessIsRunning -- launch failed, reason: Unity was launched with the -noUpm command-line argument
[Package Manager] UpmClient::Send -- Unable to send message (not connected to UPM process).
[Package Manager] Cannot connect to Unity Package Manager local server
[Package Manager] Server::EnsureServerProcessIsRunning -- launch failed, reason: Unity was launched with the -noUpm command-line argument
[Package Manager] UpmClient::Send -- Unable to send message (not connected to UPM process).
[Package Manager] Cannot connect to Unity Package Manager local server
- Finished resetting the current domain, in  1.435 seconds
Domain Reload Profiling: 2781ms
	BeginReloadAssembly (206ms)
		ExecutionOrderSort (0ms)
		DisableScriptedObjects (9ms)
		BackupInstance (0ms)
		ReleaseScriptingObjects (1ms)
		CreateAndSetChildDomain (32ms)
	RebuildCommonClasses (45ms)
	RebuildNativeTypeToScriptingClass (14ms)
	initialDomainReloadingComplete (59ms)
	LoadAllAssembliesAndSetupDomain (1022ms)
		LoadAssemblies (694ms)
		RebuildTransferFunctionScriptingTraits (0ms)
		AnalyzeDomain (440ms)
			TypeCache.Refresh (353ms)
				TypeCache.ScanAssembly (323ms)
			ScanForSourceGeneratedMonoScriptInfo (61ms)
			ResolveRequiredComponents (25ms)
	FinalizeReload (1436ms)
		ReleaseScriptCaches (0ms)
		RebuildScriptCaches (0ms)
		SetupLoadedEditorAssemblies (1145ms)
			LogAssemblyErrors (0ms)
			InitializePlatformSupportModulesInManaged (23ms)
			SetLoadedEditorAssemblies (6ms)
			RefreshPlugins (0ms)
			BeforeProcessingInitializeOnLoad (170ms)
			ProcessInitializeOnLoadAttributes (626ms)
			ProcessInitializeOnLoadMethodAttributes (312ms)
			AfterProcessingInitializeOnLoad (8ms)
			EditorAssembliesLoaded (1ms)
		ExecutionOrderSort2 (0ms)
		AwakeInstancesAfterBackupRestoration (7ms)
Launched and connected shader compiler UnityShaderCompiler.exe after 0.07 seconds
Refreshing native plugins compatible for Editor in 36.45 ms, found 22 plugins.
Preloading 1 native plugins for Editor in 0.07 ms.
Unloading 8703 Unused Serialized files (Serialized files now loaded: 0)
Unloading 134 unused Assets / (1.9 MB). Loaded Objects now: 9184.
Memory consumption went from 313.5 MB to 311.6 MB.
Total: 7.135300 ms (FindLiveObjects: 0.881600 ms CreateObjectMapping: 0.336900 ms MarkObjects: 4.804600 ms  DeleteObjects: 1.110400 ms)

AssetImportParameters requested are different than current active one (requested -> active):
  custom:container-demuxer-ogg: 62fdf1f143b41e24485cea50d1cbac27 -> 
  custom:framework-win-MediaFoundation: 216162199b28c13a410421893ffa2e32 -> 
  custom:container-muxer-webm: aa71ff27fc2769a1b78a27578f13a17b -> 
  custom:video-decoder-webm-vp8: 9c59270c3fd7afecdb556c50c9e8de78 -> 
  custom:SearchIndexIgnoredProperties: e643bd26f0fe6173181afceb89e7c659 -> 
  custom:AudioImporter_EditorPlatform: d09bf68614088b80899f8185d706f6e7 -> 
  custom:audio-decoder-ogg-vorbis: bf7c407c2cedff20999df2af8eb42d56 -> 
  custom:audio-encoder-webm-vorbis: bf7c407c2cedff20999df2af8eb42d56 -> 
  custom:video-codec-MediaFoundation-h265: 746d11721c4dcdbdad8f713fa42b33f4 -> 
  custom:video-decoder-ogg-theora: a1e56fd34408186e4bbccfd4996cb3dc -> 
  custom:CustomObjectIndexerAttribute: 72b91833f83ae208fae7752999fa3104 -> 
  custom:container-demuxer-webm: 4f35f7cbe854078d1ac9338744f61a02 -> 
  custom:video-encoder-webm-vp8: eb34c28f22e8b96e1ab97ce403110664 -> 
========================================================================
Received Import Request.
  Time since last request: 252072.941112 seconds.
  path: Assets/MagicLeapSettings.asset
  artifactKey: Guid(9cc9742b4364998478ae46052d36f371) Importer(815301076,1909f56bfc062723c751e8b465ee728b)
Start importing Assets/MagicLeapSettings.asset using Guid(9cc9742b4364998478ae46052d36f371) Importer(815301076,1909f56bfc062723c751e8b465ee728b) [PhysX] Initialized MultithreadedTaskDispatcher with 16 workers.
 -> (artifact id: '16cc165bc5c80c79403768d4b4978046') in 0.031687 seconds
Number of updated asset objects reloaded before import = 0
Number of asset objects unloaded after import = 1
========================================================================
Received Import Request.
  Time since last request: 0.000068 seconds.
  path: Assets/Readme.asset
  artifactKey: Guid(8105016687592461f977c054a80ce2f2) Importer(815301076,1909f56bfc062723c751e8b465ee728b)
Start importing Assets/Readme.asset using Guid(8105016687592461f977c054a80ce2f2) Importer(815301076,1909f56bfc062723c751e8b465ee728b) [PhysX] Initialized MultithreadedTaskDispatcher with 16 workers.
 -> (artifact id: '8ecf7a57f1a33bb156c6e4bacf2d9a3e') in 0.004229 seconds
Number of updated asset objects reloaded before import = 0
Number of asset objects unloaded after import = 2
========================================================================
Received Prepare
Caller must complete domain reload
Begin MonoManager ReloadAssembly
- Loaded All Assemblies, in  1.316 seconds
Native extension for WindowsStandalone target not found
Native extension for Android target not found
[Package Manager] Server::EnsureServerProcessIsRunning -- launch failed, reason: Unity was launched with the -noUpm command-line argument
[Package Manager] UpmClient::Send -- Unable to send message (not connected to UPM process).
[Package Manager] Cannot connect to Unity Package Manager local server
[Package Manager] Server::EnsureServerProcessIsRunning -- launch failed, reason: Unity was launched with the -noUpm command-line argument
[Package Manager] UpmClient::Send -- Unable to send message (not connected to UPM process).
[Package Manager] Cannot connect to Unity Package Manager local server
[Package Manager] Server::EnsureServerProcessIsRunning -- launch failed, reason: Unity was launched with the -noUpm command-line argument
[Package Manager] UpmClient::Send -- Unable to send message (not connected to UPM process).
[Package Manager] Cannot connect to Unity Package Manager local server
Mono: successfully reloaded assembly
[Package Manager] Server::EnsureServerProcessIsRunning -- launch failed, reason: Unity was launched with the -noUpm command-line argument
[Package Manager] UpmClient::Send -- Unable to send message (not connected to UPM process).
[Package Manager] Cannot connect to Unity Package Manager local server
- Finished resetting the current domain, in  5.319 seconds
Domain Reload Profiling: 6387ms
	BeginReloadAssembly (257ms)
		ExecutionOrderSort (0ms)
		DisableScriptedObjects (5ms)
		BackupInstance (0ms)
		ReleaseScriptingObjects (0ms)
		CreateAndSetChildDomain (74ms)
	RebuildCommonClasses (40ms)
	RebuildNativeTypeToScriptingClass (21ms)
	initialDomainReloadingComplete (42ms)
	LoadAllAssembliesAndSetupDomain (707ms)
		LoadAssemblies (543ms)
		RebuildTransferFunctionScriptingTraits (0ms)
		AnalyzeDomain (283ms)
			TypeCache.Refresh (212ms)
				TypeCache.ScanAssembly (190ms)
			ScanForSourceGeneratedMonoScriptInfo (48ms)
			ResolveRequiredComponents (21ms)
	FinalizeReload (5319ms)
		ReleaseScriptCaches (0ms)
		RebuildScriptCaches (0ms)
		SetupLoadedEditorAssemblies (1023ms)
			LogAssemblyErrors (0ms)
			InitializePlatformSupportModulesInManaged (29ms)
			SetLoadedEditorAssemblies (7ms)
			RefreshPlugins (0ms)
			BeforeProcessingInitializeOnLoad (157ms)
			ProcessInitializeOnLoadAttributes (556ms)
			ProcessInitializeOnLoadMethodAttributes (269ms)
			AfterProcessingInitializeOnLoad (6ms)
			EditorAssembliesLoaded (1ms)
		ExecutionOrderSort2 (0ms)
		AwakeInstancesAfterBackupRestoration (27ms)
Refreshing native plugins compatible for Editor in 21.88 ms, found 22 plugins.
Preloading 1 native plugins for Editor in 0.07 ms.
Unloading 8477 Unused Serialized files (Serialized files now loaded: 0)
Unloading 127 unused Assets / (1.8 MB). Loaded Objects now: 9192.
Memory consumption went from 269.1 MB to 267.3 MB.
Total: 7.419800 ms (FindLiveObjects: 0.846100 ms CreateObjectMapping: 0.346200 ms MarkObjects: 4.876400 ms  DeleteObjects: 1.349000 ms)

Prepare: number of updated asset objects reloaded= 132
AssetImportParameters requested are different than current active one (requested -> active):
  custom:scripting/precompiled-assembly-types:MagicLeap.SetupTool.Editor: 38903634440f72972b0029c130f6f43d -> c8a4952721ef65290adffddea608bec7
  custom:container-demuxer-ogg: 62fdf1f143b41e24485cea50d1cbac27 -> 
  custom:framework-win-MediaFoundation: 216162199b28c13a410421893ffa2e32 -> 
  custom:container-muxer-webm: aa71ff27fc2769a1b78a27578f13a17b -> 
  custom:video-decoder-webm-vp8: 9c59270c3fd7afecdb556c50c9e8de78 -> 
  custom:SearchIndexIgnoredProperties: e643bd26f0fe6173181afceb89e7c659 -> 
  custom:AudioImporter_EditorPlatform: d09bf68614088b80899f8185d706f6e7 -> 
  custom:audio-decoder-ogg-vorbis: bf7c407c2cedff20999df2af8eb42d56 -> 
  custom:audio-encoder-webm-vorbis: bf7c407c2cedff20999df2af8eb42d56 -> 
  custom:video-codec-MediaFoundation-h265: 746d11721c4dcdbdad8f713fa42b33f4 -> 
  custom:video-decoder-ogg-theora: a1e56fd34408186e4bbccfd4996cb3dc -> 
  custom:CustomObjectIndexerAttribute: 72b91833f83ae208fae7752999fa3104 -> 
  custom:container-demuxer-webm: 4f35f7cbe854078d1ac9338744f61a02 -> 
  custom:video-encoder-webm-vp8: eb34c28f22e8b96e1ab97ce403110664 -> 
  custom:scripting/precompiled-assembly-types:UnityEngine.UI: 579430c76a6266bb073bf5f1b3c751c1 -> 435ea300f6ea6646627f670b8b9884a1
========================================================================
Received Prepare
Refreshing native plugins compatible for Editor in 29.11 ms, found 22 plugins.
Preloading 1 native plugins for Editor in 0.07 ms.
Unloading 8 Unused Serialized files (Serialized files now loaded: 0)
Unloading 8 unused Assets / (1.9 MB). Loaded Objects now: 9192.
Memory consumption went from 136.6 MB to 134.7 MB.
Total: 7.335400 ms (FindLiveObjects: 0.858000 ms CreateObjectMapping: 0.293700 ms MarkObjects: 4.773600 ms  DeleteObjects: 1.408700 ms)

Prepare: number of updated asset objects reloaded= 110
AssetImportParameters requested are different than current active one (requested -> active):
  custom:scripting/precompiled-assembly-types:MagicLeap.SetupTool.Editor: 38903634440f72972b0029c130f6f43d -> c8a4952721ef65290adffddea608bec7
  custom:container-demuxer-ogg: 62fdf1f143b41e24485cea50d1cbac27 -> 
  custom:framework-win-MediaFoundation: 216162199b28c13a410421893ffa2e32 -> 
  custom:container-muxer-webm: aa71ff27fc2769a1b78a27578f13a17b -> 
  custom:video-decoder-webm-vp8: 9c59270c3fd7afecdb556c50c9e8de78 -> 
  custom:SearchIndexIgnoredProperties: e643bd26f0fe6173181afceb89e7c659 -> 
  custom:AudioImporter_EditorPlatform: d09bf68614088b80899f8185d706f6e7 -> 
  custom:audio-decoder-ogg-vorbis: bf7c407c2cedff20999df2af8eb42d56 -> 
  custom:audio-encoder-webm-vorbis: bf7c407c2cedff20999df2af8eb42d56 -> 
  custom:video-codec-MediaFoundation-h265: 746d11721c4dcdbdad8f713fa42b33f4 -> 
  custom:video-decoder-ogg-theora: a1e56fd34408186e4bbccfd4996cb3dc -> 
  custom:CustomObjectIndexerAttribute: 72b91833f83ae208fae7752999fa3104 -> 
  custom:container-demuxer-webm: 4f35f7cbe854078d1ac9338744f61a02 -> 
  custom:video-encoder-webm-vp8: eb34c28f22e8b96e1ab97ce403110664 -> 
  custom:scripting/precompiled-assembly-types:UnityEngine.UI: 579430c76a6266bb073bf5f1b3c751c1 -> 435ea300f6ea6646627f670b8b9884a1
========================================================================
Received Prepare
Caller must complete domain reload
Begin MonoManager ReloadAssembly
- Loaded All Assemblies, in  0.920 seconds
Native extension for WindowsStandalone target not found
Native extension for Android target not found
[Package Manager] Server::EnsureServerProcessIsRunning -- launch failed, reason: Unity was launched with the -noUpm command-line argument
[Package Manager] UpmClient::Send -- Unable to send message (not connected to UPM process).
[Package Manager] Cannot connect to Unity Package Manager local server
[Package Manager] Server::EnsureServerProcessIsRunning -- launch failed, reason: Unity was launched with the -noUpm command-line argument
[Package Manager] UpmClient::Send -- Unable to send message (not connected to UPM process).
[Package Manager] Cannot connect to Unity Package Manager local server
[Package Manager] Server::EnsureServerProcessIsRunning -- launch failed, reason: Unity was launched with the -noUpm command-line argument
[Package Manager] UpmClient::Send -- Unable to send message (not connected to UPM process).
[Package Manager] Cannot connect to Unity Package Manager local server
Mono: successfully reloaded assembly
[Package Manager] Server::EnsureServerProcessIsRunning -- launch failed, reason: Unity was launched with the -noUpm command-line argument
[Package Manager] UpmClient::Send -- Unable to send message (not connected to UPM process).
[Package Manager] Cannot connect to Unity Package Manager local server
- Finished resetting the current domain, in  2.814 seconds
Domain Reload Profiling: 3729ms
	BeginReloadAssembly (274ms)
		ExecutionOrderSort (0ms)
		DisableScriptedObjects (5ms)
		BackupInstance (0ms)
		ReleaseScriptingObjects (0ms)
		CreateAndSetChildDomain (82ms)
	RebuildCommonClasses (41ms)
	RebuildNativeTypeToScriptingClass (19ms)
	initialDomainReloadingComplete (45ms)
	LoadAllAssembliesAndSetupDomain (534ms)
		LoadAssemblies (552ms)
		RebuildTransferFunctionScriptingTraits (0ms)
		AnalyzeDomain (114ms)
			TypeCache.Refresh (21ms)
				TypeCache.ScanAssembly (4ms)
			ScanForSourceGeneratedMonoScriptInfo (67ms)
			ResolveRequiredComponents (25ms)
	FinalizeReload (2815ms)
		ReleaseScriptCaches (0ms)
		RebuildScriptCaches (0ms)
		SetupLoadedEditorAssemblies (1298ms)
			LogAssemblyErrors (0ms)
			InitializePlatformSupportModulesInManaged (23ms)
			SetLoadedEditorAssemblies (13ms)
			RefreshPlugins (0ms)
			BeforeProcessingInitializeOnLoad (272ms)
			ProcessInitializeOnLoadAttributes (711ms)
			ProcessInitializeOnLoadMethodAttributes (273ms)
			AfterProcessingInitializeOnLoad (6ms)
			EditorAssembliesLoaded (1ms)
		ExecutionOrderSort2 (0ms)
		AwakeInstancesAfterBackupRestoration (28ms)
Script is not up to date after domain reload: guid(80d6c9fbc8e67304b89f76b7a0130595) path("Packages/com.magicleap.mrtk3/Runtime/Common/Input/Actions/MagicLeapAuxiliaryInputs.cs") state(2)
Script is not up to date after domain reload: guid(a22bb452e351748428ee3b3d434488a0) path("Packages/com.magicleap.mrtk3/Runtime/XRProviders/OpenXR/Input/Actions/MagicLeapInputsOpenXR.cs") state(2)
Refreshing native plugins compatible for Editor in 119.78 ms, found 22 plugins.
Preloading 1 native plugins for Editor in 0.12 ms.
Unloading 8520 Unused Serialized files (Serialized files now loaded: 0)
Unloading 127 unused Assets / (1.9 MB). Loaded Objects now: 9242.
Memory consumption went from 277.7 MB to 275.8 MB.
Total: 11.333400 ms (FindLiveObjects: 1.799100 ms CreateObjectMapping: 0.979900 ms MarkObjects: 6.847500 ms  DeleteObjects: 1.704500 ms)

Prepare: number of updated asset objects reloaded= 110
AssetImportParameters requested are different than current active one (requested -> active):
  custom:scripting/monoscript/fileName/MRTKRigUtils.cs: 7cab73a6a48950f22e90b15fcb701ca1 -> 
  custom:scripting/precompiled-assembly-types:MagicLeap.SetupTool.Editor: 38903634440f72972b0029c130f6f43d -> c8a4952721ef65290adffddea608bec7
  custom:container-demuxer-ogg: 62fdf1f143b41e24485cea50d1cbac27 -> 
  custom:scripting/precompiled-assembly-types:MagicLeap.MRTK3.Editor: 78f48e49e81df891a28d85b39fbfb8a1 -> 
  custom:scripting/monoscript/fileName/MagicLeapMRTK3Settings.cs: bb66ea28f49e3efbba419bf81fd77348 -> 
  custom:scripting/monoscript/fileName/ActionBasedControllerTrackingStateModelVisibilityToggle.cs: cfe34c41c2b63cf1a9420afe123c73c5 -> 
  custom:framework-win-MediaFoundation: 216162199b28c13a410421893ffa2e32 -> 
  custom:scripting/monoscript/fileName/MagicLeapAuxiliaryXRProviderHandUtilityBase.cs: 385c097c724146ca18634079264ee6f4 -> 
  custom:scripting/monoscript/fileName/MagicLeapRiggedHandMeshVisualizer.cs: 7881e13060a5d169c561eebf113f789b -> 
  custom:scripting/monoscript/fileName/StereoConvergenceDetector.cs: 0bcb6dbe1c815b5d7ba518037137da9e -> 
  custom:scripting/monoscript/fileName/MagicLeapMRTK3SettingsProvider.cs: 99c9492594b054a4f0eec1fcb91593f0 -> 
  custom:scripting/precompiled-assembly-types:MagicLeap.MRTK3: f9ae00c1a2cbd2adb495452050a8cef9 -> 
  custom:scripting/monoscript/fileName/MagicLeapInputsOpenXR.cs: 0ecf0b5b4a9207402e80b603ad9a119c -> 
  custom:scripting/monoscript/fileName/MagicLeapKeywordRecognitionSubsystem.cs: f0c6bc5a7ef8b2bee579347916dfbd6c -> 
  custom:scripting/monoscript/fileName/MagicLeapInputSimulator.cs: 060c0f0b74b1166fbcf8482acd3c10e1 -> 
  custom:scripting/monoscript/fileName/MagicLeapAuxiliaryXRProviderHandUtility_OpenXRProvider.cs: d81331995ff076a11d75df54c7465d4b -> 
  custom:container-muxer-webm: aa71ff27fc2769a1b78a27578f13a17b -> 
  custom:video-decoder-webm-vp8: 9c59270c3fd7afecdb556c50c9e8de78 -> 
  custom:SearchIndexIgnoredProperties: e643bd26f0fe6173181afceb89e7c659 -> 
  custom:scripting/monoscript/fileName/MagicLeapInputSimulatorUI.cs: 8bf172ce7563122369184af762e52ef1 -> 
  custom:scripting/monoscript/fileName/InputActionOverridePropertyDrawer.cs: 3740c52d11469447580ae51703373180 -> 
  custom:AudioImporter_EditorPlatform: d09bf68614088b80899f8185d706f6e7 -> 
  custom:scripting/monoscript/fileName/IMagicLeapAuxiliaryXRProviderHandUtility.cs: 93366f4e17983d0b53a8201a74b1d26c -> 
  custom:scripting/monoscript/fileName/MagicLeapSimulatedControllerSettings.cs: a23de1ae06d233efed40c7efd7ecf42e -> 
  custom:audio-decoder-ogg-vorbis: bf7c407c2cedff20999df2af8eb42d56 -> 
  custom:scripting/monoscript/fileName/MagicLeapMRTK3SettingsUnityEditor.cs: d59640eef203aa71b043dac81530e69f -> 
  custom:scripting/monoscript/fileName/MagicLeapSimulatedControllerSettingsDrawer.cs: 93410514f443ebcec1f0c9963b04c405 -> 
  custom:audio-encoder-webm-vorbis: bf7c407c2cedff20999df2af8eb42d56 -> 
  custom:scripting/monoscript/fileName/JavaUtils.cs: 0fae3bf0ca867d9f9bc5a59b48e85624 -> 
  custom:scripting/monoscript/fileName/MagicLeapSimulatedController.cs: 261161c698c2f5f7fdf376afbaf2c88b -> 
  custom:video-codec-MediaFoundation-h265: 746d11721c4dcdbdad8f713fa42b33f4 -> 
  custom:scripting/monoscript/fileName/MagicLeapAuxiliaryInputs.cs: 0ecf0b5b4a9207402e80b603ad9a119c -> 
  custom:video-decoder-ogg-theora: a1e56fd34408186e4bbccfd4996cb3dc -> 
  custom:scripting/monoscript/fileName/InputActionOverride.cs: 016963134a91da6379fc2e64606c7a2b -> 
  custom:scripting/monoscript/fileName/MagicLeapAuxiliaryHandUtils.cs: e6152399a322edd0c05650ca0d458336 -> 
  custom:CustomObjectIndexerAttribute: 72b91833f83ae208fae7752999fa3104 -> 
  custom:scripting/monoscript/fileName/MagicLeapAuxiliaryHandDevice.cs: b3849b3aa28c57221790fd9493a8c324 -> 
  custom:container-demuxer-webm: 4f35f7cbe854078d1ac9338744f61a02 -> 
  custom:scripting/monoscript/fileName/MonoBehaviourProxy.cs: 09037a604115ab8610cfd3b055cb7607 -> 
  custom:scripting/monoscript/fileName/IPermissionCallbackHandler.cs: 031a513d6394199f289ec7eca9b81312 -> 
  custom:scripting/monoscript/fileName/MagicLeapMRTK3SettingsGeneralBase.cs: 6d1470856da100784e733a4868baf55d -> 
  custom:scripting/monoscript/fileName/MagicLeapMRTK3SettingsObject.cs: 5bf82a1ef5ecc64f5f08dc8db666edc8 -> 
  custom:scripting/monoscript/fileName/TrackedHandJointVisualizer.cs: 1a52b3e5f8e4427134a733b82b98ba17 -> 
  custom:video-encoder-webm-vp8: eb34c28f22e8b96e1ab97ce403110664 -> 
  custom:scripting/monoscript/fileName/MagicLeapMRTK3SettingsOpenXRGeneral.cs: b07d207a46056769ab6cefbe803aa4ee -> 
  custom:scripting/precompiled-assembly-types:UnityEngine.UI: 579430c76a6266bb073bf5f1b3c751c1 -> 435ea300f6ea6646627f670b8b9884a1
  custom:scripting/monoscript/fileName/MagicLeapFlatScreenModeDetector.cs: 35dd75886344c1b840651bca178b29c4 -> 
  custom:scripting/monoscript/fileName/MagicLeapMRTK3SettingsOpenXRRigConfig.cs: 34034c412cd0fd543e88da305d60ff00 -> 
  custom:scripting/monoscript/fileName/MagicLeapMRTK3SettingsPermissionsConfig.cs: a8c779e4dfdbe9d2a5f5780acd430081 -> 
  custom:scripting/monoscript/fileName/MagicLeapControllerHandProximityDisabler.cs: a7ce9146568b49342988c425de2f60dd -> 
  custom:scripting/monoscript/fileName/MagicLeapMRTK3SettingsRigConfigBase.cs: aa002883c50efd953e5b5d783ed26754 -> 
  custom:scripting/monoscript/fileName/MagicLeapMRTK3SettingsRuntime.cs: e40dd4cf07a14161ba414d6e8fe966ea -> 
========================================================================
Received Prepare
Caller must complete domain reload
Begin MonoManager ReloadAssembly
- Loaded All Assemblies, in  0.905 seconds
Native extension for WindowsStandalone target not found
Native extension for Android target not found
[Package Manager] Server::EnsureServerProcessIsRunning -- launch failed, reason: Unity was launched with the -noUpm command-line argument
[Package Manager] UpmClient::Send -- Unable to send message (not connected to UPM process).
[Package Manager] Cannot connect to Unity Package Manager local server
[Package Manager] Server::EnsureServerProcessIsRunning -- launch failed, reason: Unity was launched with the -noUpm command-line argument
[Package Manager] UpmClient::Send -- Unable to send message (not connected to UPM process).
[Package Manager] Cannot connect to Unity Package Manager local server
[Package Manager] Server::EnsureServerProcessIsRunning -- launch failed, reason: Unity was launched with the -noUpm command-line argument
[Package Manager] UpmClient::Send -- Unable to send message (not connected to UPM process).
[Package Manager] Cannot connect to Unity Package Manager local server
Mono: successfully reloaded assembly
[Package Manager] Server::EnsureServerProcessIsRunning -- launch failed, reason: Unity was launched with the -noUpm command-line argument
[Package Manager] UpmClient::Send -- Unable to send message (not connected to UPM process).
[Package Manager] Cannot connect to Unity Package Manager local server
- Finished resetting the current domain, in  2.820 seconds
Domain Reload Profiling: 3720ms
	BeginReloadAssembly (257ms)
		ExecutionOrderSort (0ms)
		DisableScriptedObjects (5ms)
		BackupInstance (0ms)
		ReleaseScriptingObjects (0ms)
		CreateAndSetChildDomain (64ms)
	RebuildCommonClasses (45ms)
	RebuildNativeTypeToScriptingClass (17ms)
	initialDomainReloadingComplete (44ms)
	LoadAllAssembliesAndSetupDomain (536ms)
		LoadAssemblies (535ms)
		RebuildTransferFunctionScriptingTraits (0ms)
		AnalyzeDomain (138ms)
			TypeCache.Refresh (26ms)
				TypeCache.ScanAssembly (5ms)
			ScanForSourceGeneratedMonoScriptInfo (88ms)
			ResolveRequiredComponents (24ms)
	FinalizeReload (2821ms)
		ReleaseScriptCaches (0ms)
		RebuildScriptCaches (0ms)
		SetupLoadedEditorAssemblies (1254ms)
			LogAssemblyErrors (0ms)
			InitializePlatformSupportModulesInManaged (28ms)
			SetLoadedEditorAssemblies (12ms)
			RefreshPlugins (0ms)
			BeforeProcessingInitializeOnLoad (230ms)
			ProcessInitializeOnLoadAttributes (697ms)
			ProcessInitializeOnLoadMethodAttributes (278ms)
			AfterProcessingInitializeOnLoad (8ms)
			EditorAssembliesLoaded (1ms)
		ExecutionOrderSort2 (0ms)
		AwakeInstancesAfterBackupRestoration (37ms)
Refreshing native plugins compatible for Editor in 26.97 ms, found 22 plugins.
Preloading 1 native plugins for Editor in 0.07 ms.
Unloading 8522 Unused Serialized files (Serialized files now loaded: 0)
Unloading 127 unused Assets / (1.9 MB). Loaded Objects now: 9227.
Memory consumption went from 277.8 MB to 275.8 MB.
Total: 7.558700 ms (FindLiveObjects: 0.767200 ms CreateObjectMapping: 0.308900 ms MarkObjects: 5.135000 ms  DeleteObjects: 1.346600 ms)

Prepare: number of updated asset objects reloaded= 86
AssetImportParameters requested are different than current active one (requested -> active):
  custom:scripting/monoscript/fileName/MRTKRigUtils.cs: 7cab73a6a48950f22e90b15fcb701ca1 -> 
  custom:scripting/precompiled-assembly-types:MagicLeap.SetupTool.Editor: 38903634440f72972b0029c130f6f43d -> c8a4952721ef65290adffddea608bec7
  custom:container-demuxer-ogg: 62fdf1f143b41e24485cea50d1cbac27 -> 
  custom:scripting/precompiled-assembly-types:MagicLeap.MRTK3.Editor: 78f48e49e81df891a28d85b39fbfb8a1 -> 
  custom:scripting/monoscript/fileName/MagicLeapMRTK3Settings.cs: bb66ea28f49e3efbba419bf81fd77348 -> 
  custom:scripting/monoscript/fileName/ActionBasedControllerTrackingStateModelVisibilityToggle.cs: cfe34c41c2b63cf1a9420afe123c73c5 -> 
  custom:framework-win-MediaFoundation: 216162199b28c13a410421893ffa2e32 -> 
  custom:scripting/monoscript/fileName/MagicLeapAuxiliaryXRProviderHandUtilityBase.cs: 385c097c724146ca18634079264ee6f4 -> 
  custom:scripting/monoscript/fileName/MagicLeapRiggedHandMeshVisualizer.cs: 7881e13060a5d169c561eebf113f789b -> 
  custom:scripting/monoscript/fileName/StereoConvergenceDetector.cs: 0bcb6dbe1c815b5d7ba518037137da9e -> 
  custom:scripting/monoscript/fileName/MagicLeapMRTK3SettingsProvider.cs: 99c9492594b054a4f0eec1fcb91593f0 -> 
  custom:scripting/precompiled-assembly-types:MagicLeap.MRTK3: f9ae00c1a2cbd2adb495452050a8cef9 -> 
  custom:scripting/monoscript/fileName/MagicLeapInputsOpenXR.cs: 0ecf0b5b4a9207402e80b603ad9a119c -> 
  custom:scripting/monoscript/fileName/MagicLeapKeywordRecognitionSubsystem.cs: f0c6bc5a7ef8b2bee579347916dfbd6c -> 
  custom:scripting/monoscript/fileName/MagicLeapInputSimulator.cs: 060c0f0b74b1166fbcf8482acd3c10e1 -> 
  custom:scripting/monoscript/fileName/MagicLeapAuxiliaryXRProviderHandUtility_OpenXRProvider.cs: d81331995ff076a11d75df54c7465d4b -> 
  custom:container-muxer-webm: aa71ff27fc2769a1b78a27578f13a17b -> 
  custom:video-decoder-webm-vp8: 9c59270c3fd7afecdb556c50c9e8de78 -> 
  custom:SearchIndexIgnoredProperties: e643bd26f0fe6173181afceb89e7c659 -> 
  custom:scripting/monoscript/fileName/MagicLeapInputSimulatorUI.cs: 8bf172ce7563122369184af762e52ef1 -> 
  custom:scripting/monoscript/fileName/InputActionOverridePropertyDrawer.cs: 3740c52d11469447580ae51703373180 -> 
  custom:AudioImporter_EditorPlatform: d09bf68614088b80899f8185d706f6e7 -> 
  custom:scripting/monoscript/fileName/IMagicLeapAuxiliaryXRProviderHandUtility.cs: 93366f4e17983d0b53a8201a74b1d26c -> 
  custom:scripting/monoscript/fileName/MagicLeapSimulatedControllerSettings.cs: a23de1ae06d233efed40c7efd7ecf42e -> 
  custom:audio-decoder-ogg-vorbis: bf7c407c2cedff20999df2af8eb42d56 -> 
  custom:scripting/monoscript/fileName/MagicLeapMRTK3SettingsUnityEditor.cs: d59640eef203aa71b043dac81530e69f -> 
  custom:scripting/monoscript/fileName/MagicLeapSimulatedControllerSettingsDrawer.cs: 93410514f443ebcec1f0c9963b04c405 -> 
  custom:audio-encoder-webm-vorbis: bf7c407c2cedff20999df2af8eb42d56 -> 
  custom:scripting/monoscript/fileName/JavaUtils.cs: 0fae3bf0ca867d9f9bc5a59b48e85624 -> 
  custom:scripting/monoscript/fileName/MagicLeapSimulatedController.cs: 261161c698c2f5f7fdf376afbaf2c88b -> 
  custom:video-codec-MediaFoundation-h265: 746d11721c4dcdbdad8f713fa42b33f4 -> 
  custom:scripting/monoscript/fileName/MagicLeapAuxiliaryInputs.cs: 0ecf0b5b4a9207402e80b603ad9a119c -> 
  custom:video-decoder-ogg-theora: a1e56fd34408186e4bbccfd4996cb3dc -> 
  custom:scripting/monoscript/fileName/InputActionOverride.cs: 016963134a91da6379fc2e64606c7a2b -> 
  custom:scripting/monoscript/fileName/MagicLeapAuxiliaryHandUtils.cs: e6152399a322edd0c05650ca0d458336 -> 
  custom:CustomObjectIndexerAttribute: 72b91833f83ae208fae7752999fa3104 -> 
  custom:scripting/monoscript/fileName/MagicLeapAuxiliaryHandDevice.cs: b3849b3aa28c57221790fd9493a8c324 -> 
  custom:container-demuxer-webm: 4f35f7cbe854078d1ac9338744f61a02 -> 
  custom:scripting/monoscript/fileName/MonoBehaviourProxy.cs: 09037a604115ab8610cfd3b055cb7607 -> 
  custom:scripting/monoscript/fileName/IPermissionCallbackHandler.cs: 031a513d6394199f289ec7eca9b81312 -> 
  custom:scripting/monoscript/fileName/MagicLeapMRTK3SettingsGeneralBase.cs: 6d1470856da100784e733a4868baf55d -> 
  custom:scripting/monoscript/fileName/MagicLeapMRTK3SettingsObject.cs: 5bf82a1ef5ecc64f5f08dc8db666edc8 -> 
  custom:scripting/monoscript/fileName/TrackedHandJointVisualizer.cs: 1a52b3e5f8e4427134a733b82b98ba17 -> 
  custom:video-encoder-webm-vp8: eb34c28f22e8b96e1ab97ce403110664 -> 
  custom:scripting/monoscript/fileName/MagicLeapMRTK3SettingsOpenXRGeneral.cs: b07d207a46056769ab6cefbe803aa4ee -> 
  custom:scripting/precompiled-assembly-types:UnityEngine.UI: 579430c76a6266bb073bf5f1b3c751c1 -> 435ea300f6ea6646627f670b8b9884a1
  custom:scripting/monoscript/fileName/MagicLeapFlatScreenModeDetector.cs: 35dd75886344c1b840651bca178b29c4 -> 
  custom:scripting/monoscript/fileName/MagicLeapMRTK3SettingsOpenXRRigConfig.cs: 34034c412cd0fd543e88da305d60ff00 -> 
  custom:scripting/monoscript/fileName/MagicLeapMRTK3SettingsPermissionsConfig.cs: a8c779e4dfdbe9d2a5f5780acd430081 -> 
  custom:scripting/monoscript/fileName/MagicLeapControllerHandProximityDisabler.cs: a7ce9146568b49342988c425de2f60dd -> 
  custom:scripting/monoscript/fileName/MagicLeapMRTK3SettingsRigConfigBase.cs: aa002883c50efd953e5b5d783ed26754 -> 
  custom:scripting/monoscript/fileName/MagicLeapMRTK3SettingsRuntime.cs: e40dd4cf07a14161ba414d6e8fe966ea -> 
========================================================================
Received Prepare
Caller must complete domain reload
Begin MonoManager ReloadAssembly
- Loaded All Assemblies, in  0.960 seconds
Native extension for WindowsStandalone target not found
Native extension for Android target not found
[Package Manager] Server::EnsureServerProcessIsRunning -- launch failed, reason: Unity was launched with the -noUpm command-line argument
[Package Manager] UpmClient::Send -- Unable to send message (not connected to UPM process).
[Package Manager] Cannot connect to Unity Package Manager local server
[Package Manager] Server::EnsureServerProcessIsRunning -- launch failed, reason: Unity was launched with the -noUpm command-line argument
[Package Manager] UpmClient::Send -- Unable to send message (not connected to UPM process).
[Package Manager] Cannot connect to Unity Package Manager local server
[Package Manager] Server::EnsureServerProcessIsRunning -- launch failed, reason: Unity was launched with the -noUpm command-line argument
[Package Manager] UpmClient::Send -- Unable to send message (not connected to UPM process).
[Package Manager] Cannot connect to Unity Package Manager local server
Mono: successfully reloaded assembly
[Package Manager] Server::EnsureServerProcessIsRunning -- launch failed, reason: Unity was launched with the -noUpm command-line argument
[Package Manager] UpmClient::Send -- Unable to send message (not connected to UPM process).
[Package Manager] Cannot connect to Unity Package Manager local server
- Finished resetting the current domain, in  3.628 seconds
Domain Reload Profiling: 4580ms
	BeginReloadAssembly (273ms)
		ExecutionOrderSort (0ms)
		DisableScriptedObjects (5ms)
		BackupInstance (0ms)
		ReleaseScriptingObjects (0ms)
		CreateAndSetChildDomain (73ms)
	RebuildCommonClasses (55ms)
	RebuildNativeTypeToScriptingClass (18ms)
	initialDomainReloadingComplete (44ms)
	LoadAllAssembliesAndSetupDomain (562ms)
		LoadAssemblies (586ms)
		RebuildTransferFunctionScriptingTraits (0ms)
		AnalyzeDomain (114ms)
			TypeCache.Refresh (20ms)
				TypeCache.ScanAssembly (2ms)
			ScanForSourceGeneratedMonoScriptInfo (61ms)
			ResolveRequiredComponents (32ms)
	FinalizeReload (3628ms)
		ReleaseScriptCaches (0ms)
		RebuildScriptCaches (0ms)
		SetupLoadedEditorAssemblies (1213ms)
			LogAssemblyErrors (0ms)
			InitializePlatformSupportModulesInManaged (25ms)
			SetLoadedEditorAssemblies (9ms)
			RefreshPlugins (0ms)
			BeforeProcessingInitializeOnLoad (203ms)
			ProcessInitializeOnLoadAttributes (686ms)
			ProcessInitializeOnLoadMethodAttributes (282ms)
			AfterProcessingInitializeOnLoad (7ms)
			EditorAssembliesLoaded (1ms)
		ExecutionOrderSort2 (0ms)
		AwakeInstancesAfterBackupRestoration (28ms)
Refreshing native plugins compatible for Editor in 31.54 ms, found 22 plugins.
Preloading 1 native plugins for Editor in 0.13 ms.
Unloading 8522 Unused Serialized files (Serialized files now loaded: 0)
Unloading 127 unused Assets / (2.0 MB). Loaded Objects now: 9234.
Memory consumption went from 277.8 MB to 275.8 MB.
Total: 9.268300 ms (FindLiveObjects: 1.203600 ms CreateObjectMapping: 0.613800 ms MarkObjects: 6.215600 ms  DeleteObjects: 1.234600 ms)

Prepare: number of updated asset objects reloaded= 86
AssetImportParameters requested are different than current active one (requested -> active):
  custom:scripting/monoscript/fileName/MRTKRigUtils.cs: 7cab73a6a48950f22e90b15fcb701ca1 -> 
  custom:scripting/precompiled-assembly-types:MagicLeap.SetupTool.Editor: 38903634440f72972b0029c130f6f43d -> c8a4952721ef65290adffddea608bec7
  custom:container-demuxer-ogg: 62fdf1f143b41e24485cea50d1cbac27 -> 
  custom:scripting/precompiled-assembly-types:MagicLeap.MRTK3.Editor: 78f48e49e81df891a28d85b39fbfb8a1 -> 
  custom:scripting/monoscript/fileName/MagicLeapMRTK3Settings.cs: bb66ea28f49e3efbba419bf81fd77348 -> 
  custom:scripting/monoscript/fileName/ActionBasedControllerTrackingStateModelVisibilityToggle.cs: cfe34c41c2b63cf1a9420afe123c73c5 -> 
  custom:framework-win-MediaFoundation: 216162199b28c13a410421893ffa2e32 -> 
  custom:scripting/monoscript/fileName/MagicLeapAuxiliaryXRProviderHandUtilityBase.cs: 385c097c724146ca18634079264ee6f4 -> 
  custom:scripting/monoscript/fileName/MagicLeapRiggedHandMeshVisualizer.cs: 7881e13060a5d169c561eebf113f789b -> 
  custom:scripting/monoscript/fileName/StereoConvergenceDetector.cs: 0bcb6dbe1c815b5d7ba518037137da9e -> 
  custom:scripting/monoscript/fileName/MagicLeapMRTK3SettingsProvider.cs: 99c9492594b054a4f0eec1fcb91593f0 -> 
  custom:scripting/precompiled-assembly-types:MagicLeap.MRTK3: f9ae00c1a2cbd2adb495452050a8cef9 -> 
  custom:scripting/monoscript/fileName/MagicLeapInputsOpenXR.cs: 0ecf0b5b4a9207402e80b603ad9a119c -> 
  custom:scripting/monoscript/fileName/MagicLeapKeywordRecognitionSubsystem.cs: f0c6bc5a7ef8b2bee579347916dfbd6c -> 
  custom:scripting/monoscript/fileName/MagicLeapInputSimulator.cs: 060c0f0b74b1166fbcf8482acd3c10e1 -> 
  custom:scripting/monoscript/fileName/MagicLeapAuxiliaryXRProviderHandUtility_OpenXRProvider.cs: d81331995ff076a11d75df54c7465d4b -> 
  custom:container-muxer-webm: aa71ff27fc2769a1b78a27578f13a17b -> 
  custom:video-decoder-webm-vp8: 9c59270c3fd7afecdb556c50c9e8de78 -> 
  custom:SearchIndexIgnoredProperties: e643bd26f0fe6173181afceb89e7c659 -> 
  custom:scripting/monoscript/fileName/MagicLeapInputSimulatorUI.cs: 8bf172ce7563122369184af762e52ef1 -> 
  custom:scripting/monoscript/fileName/InputActionOverridePropertyDrawer.cs: 3740c52d11469447580ae51703373180 -> 
  custom:AudioImporter_EditorPlatform: d09bf68614088b80899f8185d706f6e7 -> 
  custom:scripting/monoscript/fileName/IMagicLeapAuxiliaryXRProviderHandUtility.cs: 93366f4e17983d0b53a8201a74b1d26c -> 
  custom:scripting/monoscript/fileName/MagicLeapSimulatedControllerSettings.cs: a23de1ae06d233efed40c7efd7ecf42e -> 
  custom:audio-decoder-ogg-vorbis: bf7c407c2cedff20999df2af8eb42d56 -> 
  custom:scripting/monoscript/fileName/MagicLeapMRTK3SettingsUnityEditor.cs: d59640eef203aa71b043dac81530e69f -> 
  custom:scripting/monoscript/fileName/MagicLeapSimulatedControllerSettingsDrawer.cs: 93410514f443ebcec1f0c9963b04c405 -> 
  custom:audio-encoder-webm-vorbis: bf7c407c2cedff20999df2af8eb42d56 -> 
  custom:scripting/monoscript/fileName/JavaUtils.cs: 0fae3bf0ca867d9f9bc5a59b48e85624 -> 
  custom:scripting/monoscript/fileName/MagicLeapSimulatedController.cs: 261161c698c2f5f7fdf376afbaf2c88b -> 
  custom:video-codec-MediaFoundation-h265: 746d11721c4dcdbdad8f713fa42b33f4 -> 
  custom:scripting/monoscript/fileName/MagicLeapAuxiliaryInputs.cs: 0ecf0b5b4a9207402e80b603ad9a119c -> 
  custom:video-decoder-ogg-theora: a1e56fd34408186e4bbccfd4996cb3dc -> 
  custom:scripting/monoscript/fileName/InputActionOverride.cs: 016963134a91da6379fc2e64606c7a2b -> 
  custom:scripting/monoscript/fileName/MagicLeapAuxiliaryHandUtils.cs: e6152399a322edd0c05650ca0d458336 -> 
  custom:CustomObjectIndexerAttribute: 72b91833f83ae208fae7752999fa3104 -> 
  custom:scripting/monoscript/fileName/MagicLeapAuxiliaryHandDevice.cs: b3849b3aa28c57221790fd9493a8c324 -> 
  custom:container-demuxer-webm: 4f35f7cbe854078d1ac9338744f61a02 -> 
  custom:scripting/monoscript/fileName/MonoBehaviourProxy.cs: 09037a604115ab8610cfd3b055cb7607 -> 
  custom:scripting/monoscript/fileName/IPermissionCallbackHandler.cs: 031a513d6394199f289ec7eca9b81312 -> 
  custom:scripting/monoscript/fileName/MagicLeapMRTK3SettingsGeneralBase.cs: 6d1470856da100784e733a4868baf55d -> 
  custom:scripting/monoscript/fileName/MagicLeapMRTK3SettingsObject.cs: 5bf82a1ef5ecc64f5f08dc8db666edc8 -> 
  custom:scripting/monoscript/fileName/TrackedHandJointVisualizer.cs: 1a52b3e5f8e4427134a733b82b98ba17 -> 
  custom:video-encoder-webm-vp8: eb34c28f22e8b96e1ab97ce403110664 -> 
  custom:scripting/monoscript/fileName/MagicLeapMRTK3SettingsOpenXRGeneral.cs: b07d207a46056769ab6cefbe803aa4ee -> 
  custom:scripting/precompiled-assembly-types:UnityEngine.UI: 579430c76a6266bb073bf5f1b3c751c1 -> 435ea300f6ea6646627f670b8b9884a1
  custom:scripting/monoscript/fileName/MagicLeapFlatScreenModeDetector.cs: 35dd75886344c1b840651bca178b29c4 -> 
  custom:scripting/monoscript/fileName/MagicLeapMRTK3SettingsOpenXRRigConfig.cs: 34034c412cd0fd543e88da305d60ff00 -> 
  custom:scripting/monoscript/fileName/MagicLeapMRTK3SettingsPermissionsConfig.cs: a8c779e4dfdbe9d2a5f5780acd430081 -> 
  custom:scripting/monoscript/fileName/MagicLeapControllerHandProximityDisabler.cs: a7ce9146568b49342988c425de2f60dd -> 
  custom:scripting/monoscript/fileName/MagicLeapMRTK3SettingsRigConfigBase.cs: aa002883c50efd953e5b5d783ed26754 -> 
  custom:scripting/monoscript/fileName/MagicLeapMRTK3SettingsRuntime.cs: e40dd4cf07a14161ba414d6e8fe966ea -> 
========================================================================
Received Prepare
Caller must complete domain reload
Begin MonoManager ReloadAssembly
- Loaded All Assemblies, in  3.374 seconds
Native extension for WindowsStandalone target not found
Native extension for Android target not found
[Package Manager] Server::EnsureServerProcessIsRunning -- launch failed, reason: Unity was launched with the -noUpm command-line argument
[Package Manager] UpmClient::Send -- Unable to send message (not connected to UPM process).
[Package Manager] Cannot connect to Unity Package Manager local server
[Package Manager] Server::EnsureServerProcessIsRunning -- launch failed, reason: Unity was launched with the -noUpm command-line argument
[Package Manager] UpmClient::Send -- Unable to send message (not connected to UPM process).
[Package Manager] Cannot connect to Unity Package Manager local server
[Package Manager] Server::EnsureServerProcessIsRunning -- launch failed, reason: Unity was launched with the -noUpm command-line argument
[Package Manager] UpmClient::Send -- Unable to send message (not connected to UPM process).
[Package Manager] Cannot connect to Unity Package Manager local server
Mono: successfully reloaded assembly
[Package Manager] Server::EnsureServerProcessIsRunning -- launch failed, reason: Unity was launched with the -noUpm command-line argument
[Package Manager] UpmClient::Send -- Unable to send message (not connected to UPM process).
[Package Manager] Cannot connect to Unity Package Manager local server
- Finished resetting the current domain, in 16.911 seconds
Domain Reload Profiling: 20279ms
	BeginReloadAssembly (239ms)
		ExecutionOrderSort (0ms)
		DisableScriptedObjects (5ms)
		BackupInstance (0ms)
		ReleaseScriptingObjects (0ms)
		CreateAndSetChildDomain (63ms)
	RebuildCommonClasses (54ms)
	RebuildNativeTypeToScriptingClass (19ms)
	initialDomainReloadingComplete (47ms)
	LoadAllAssembliesAndSetupDomain (3007ms)
		LoadAssemblies (3005ms)
		RebuildTransferFunctionScriptingTraits (0ms)
		AnalyzeDomain (121ms)
			TypeCache.Refresh (17ms)
				TypeCache.ScanAssembly (2ms)
			ScanForSourceGeneratedMonoScriptInfo (77ms)
			ResolveRequiredComponents (25ms)
	FinalizeReload (16912ms)
		ReleaseScriptCaches (0ms)
		RebuildScriptCaches (0ms)
		SetupLoadedEditorAssemblies (1320ms)
			LogAssemblyErrors (0ms)
			InitializePlatformSupportModulesInManaged (23ms)
			SetLoadedEditorAssemblies (9ms)
			RefreshPlugins (0ms)
			BeforeProcessingInitializeOnLoad (182ms)
			ProcessInitializeOnLoadAttributes (631ms)
			ProcessInitializeOnLoadMethodAttributes (468ms)
			AfterProcessingInitializeOnLoad (6ms)
			EditorAssembliesLoaded (1ms)
		ExecutionOrderSort2 (0ms)
		AwakeInstancesAfterBackupRestoration (33ms)
Refreshing native plugins compatible for Editor in 49.77 ms, found 22 plugins.
Preloading 1 native plugins for Editor in 0.07 ms.
Unloading 8523 Unused Serialized files (Serialized files now loaded: 0)
Unloading 127 unused Assets / (2.0 MB). Loaded Objects now: 9242.
Memory consumption went from 277.8 MB to 275.9 MB.
Total: 8.613400 ms (FindLiveObjects: 0.874000 ms CreateObjectMapping: 0.582200 ms MarkObjects: 5.736900 ms  DeleteObjects: 1.418300 ms)

Prepare: number of updated asset objects reloaded= 0
AssetImportParameters requested are different than current active one (requested -> active):
  custom:scripting/monoscript/fileName/MRTKRigUtils.cs: 7cab73a6a48950f22e90b15fcb701ca1 -> 
  custom:scripting/precompiled-assembly-types:MagicLeap.SetupTool.Editor: 38903634440f72972b0029c130f6f43d -> c8a4952721ef65290adffddea608bec7
  custom:container-demuxer-ogg: 62fdf1f143b41e24485cea50d1cbac27 -> 
  custom:scripting/precompiled-assembly-types:MagicLeap.MRTK3.Editor: 78f48e49e81df891a28d85b39fbfb8a1 -> 
  custom:scripting/monoscript/fileName/MagicLeapMRTK3Settings.cs: bb66ea28f49e3efbba419bf81fd77348 -> 
  custom:scripting/monoscript/fileName/ActionBasedControllerTrackingStateModelVisibilityToggle.cs: cfe34c41c2b63cf1a9420afe123c73c5 -> 
  custom:framework-win-MediaFoundation: 216162199b28c13a410421893ffa2e32 -> 
  custom:scripting/monoscript/fileName/MagicLeapAuxiliaryXRProviderHandUtilityBase.cs: 385c097c724146ca18634079264ee6f4 -> 
  custom:scripting/monoscript/fileName/MagicLeapRiggedHandMeshVisualizer.cs: 7881e13060a5d169c561eebf113f789b -> 
  custom:scripting/monoscript/fileName/StereoConvergenceDetector.cs: 0bcb6dbe1c815b5d7ba518037137da9e -> 
  custom:scripting/monoscript/fileName/MagicLeapMRTK3SettingsProvider.cs: 99c9492594b054a4f0eec1fcb91593f0 -> 
  custom:scripting/precompiled-assembly-types:MagicLeap.MRTK3: f9ae00c1a2cbd2adb495452050a8cef9 -> 
  custom:scripting/monoscript/fileName/MagicLeapInputsOpenXR.cs: 0ecf0b5b4a9207402e80b603ad9a119c -> 
  custom:scripting/monoscript/fileName/MagicLeapKeywordRecognitionSubsystem.cs: f0c6bc5a7ef8b2bee579347916dfbd6c -> 
  custom:scripting/monoscript/fileName/MagicLeapInputSimulator.cs: 060c0f0b74b1166fbcf8482acd3c10e1 -> 
  custom:scripting/monoscript/fileName/MagicLeapAuxiliaryXRProviderHandUtility_OpenXRProvider.cs: d81331995ff076a11d75df54c7465d4b -> 
  custom:container-muxer-webm: aa71ff27fc2769a1b78a27578f13a17b -> 
  custom:video-decoder-webm-vp8: 9c59270c3fd7afecdb556c50c9e8de78 -> 
  custom:SearchIndexIgnoredProperties: e643bd26f0fe6173181afceb89e7c659 -> 
  custom:scripting/monoscript/fileName/MagicLeapInputSimulatorUI.cs: 8bf172ce7563122369184af762e52ef1 -> 
  custom:scripting/monoscript/fileName/InputActionOverridePropertyDrawer.cs: 3740c52d11469447580ae51703373180 -> 
  custom:AudioImporter_EditorPlatform: d09bf68614088b80899f8185d706f6e7 -> 
  custom:scripting/monoscript/fileName/IMagicLeapAuxiliaryXRProviderHandUtility.cs: 93366f4e17983d0b53a8201a74b1d26c -> 
  custom:scripting/monoscript/fileName/MagicLeapSimulatedControllerSettings.cs: a23de1ae06d233efed40c7efd7ecf42e -> 
  custom:audio-decoder-ogg-vorbis: bf7c407c2cedff20999df2af8eb42d56 -> 
  custom:scripting/monoscript/fileName/MagicLeapMRTK3SettingsUnityEditor.cs: d59640eef203aa71b043dac81530e69f -> 
  custom:scripting/monoscript/fileName/MagicLeapSimulatedControllerSettingsDrawer.cs: 93410514f443ebcec1f0c9963b04c405 -> 
  custom:audio-encoder-webm-vorbis: bf7c407c2cedff20999df2af8eb42d56 -> 
  custom:scripting/monoscript/fileName/JavaUtils.cs: 0fae3bf0ca867d9f9bc5a59b48e85624 -> 
  custom:scripting/precompiled-assembly-types:Assembly-CSharp: 24651f415efb8e578f3daafebb66f388 -> 4a838732c9d0d743231d5397401230ad
  custom:scripting/monoscript/fileName/DepthImage.cs: 215e9a79d1c2d61b4f7ce0badbb1d3ea -> 
  custom:scripting/monoscript/fileName/MagicLeapSimulatedController.cs: 261161c698c2f5f7fdf376afbaf2c88b -> 
  custom:video-codec-MediaFoundation-h265: 746d11721c4dcdbdad8f713fa42b33f4 -> 
  custom:scripting/monoscript/fileName/MagicLeapAuxiliaryInputs.cs: 0ecf0b5b4a9207402e80b603ad9a119c -> 
  custom:video-decoder-ogg-theora: a1e56fd34408186e4bbccfd4996cb3dc -> 
  custom:scripting/monoscript/fileName/InputActionOverride.cs: 016963134a91da6379fc2e64606c7a2b -> 
  custom:scripting/monoscript/fileName/MagicLeapAuxiliaryHandUtils.cs: e6152399a322edd0c05650ca0d458336 -> 
  custom:CustomObjectIndexerAttribute: 72b91833f83ae208fae7752999fa3104 -> 
  custom:scripting/monoscript/fileName/MagicLeapAuxiliaryHandDevice.cs: b3849b3aa28c57221790fd9493a8c324 -> 
  custom:container-demuxer-webm: 4f35f7cbe854078d1ac9338744f61a02 -> 
  custom:scripting/monoscript/fileName/MonoBehaviourProxy.cs: 09037a604115ab8610cfd3b055cb7607 -> 
  custom:scripting/monoscript/fileName/IPermissionCallbackHandler.cs: 031a513d6394199f289ec7eca9b81312 -> 
  custom:scripting/monoscript/fileName/MagicLeapMRTK3SettingsGeneralBase.cs: 6d1470856da100784e733a4868baf55d -> 
  custom:scripting/monoscript/fileName/MagicLeapMRTK3SettingsObject.cs: 5bf82a1ef5ecc64f5f08dc8db666edc8 -> 
  custom:scripting/monoscript/fileName/TrackedHandJointVisualizer.cs: 1a52b3e5f8e4427134a733b82b98ba17 -> 
  custom:video-encoder-webm-vp8: eb34c28f22e8b96e1ab97ce403110664 -> 
  custom:scripting/monoscript/fileName/MagicLeapMRTK3SettingsOpenXRGeneral.cs: b07d207a46056769ab6cefbe803aa4ee -> 
  custom:scripting/precompiled-assembly-types:UnityEngine.UI: 579430c76a6266bb073bf5f1b3c751c1 -> 435ea300f6ea6646627f670b8b9884a1
  custom:scripting/monoscript/fileName/MagicLeapFlatScreenModeDetector.cs: 35dd75886344c1b840651bca178b29c4 -> 
  custom:scripting/monoscript/fileName/MagicLeapMRTK3SettingsOpenXRRigConfig.cs: 34034c412cd0fd543e88da305d60ff00 -> 
  custom:scripting/monoscript/fileName/MagicLeapMRTK3SettingsPermissionsConfig.cs: a8c779e4dfdbe9d2a5f5780acd430081 -> 
  custom:scripting/monoscript/fileName/MagicLeapControllerHandProximityDisabler.cs: a7ce9146568b49342988c425de2f60dd -> 
  custom:scripting/monoscript/fileName/MagicLeapMRTK3SettingsRigConfigBase.cs: aa002883c50efd953e5b5d783ed26754 -> 
  custom:scripting/monoscript/fileName/MagicLeapMRTK3SettingsRuntime.cs: e40dd4cf07a14161ba414d6e8fe966ea -> 
========================================================================
Received Prepare
Caller must complete domain reload
Begin MonoManager ReloadAssembly
- Loaded All Assemblies, in  0.701 seconds
Native extension for WindowsStandalone target not found
Native extension for Android target not found
[Package Manager] Server::EnsureServerProcessIsRunning -- launch failed, reason: Unity was launched with the -noUpm command-line argument
[Package Manager] UpmClient::Send -- Unable to send message (not connected to UPM process).
[Package Manager] Cannot connect to Unity Package Manager local server
[Package Manager] Server::EnsureServerProcessIsRunning -- launch failed, reason: Unity was launched with the -noUpm command-line argument
[Package Manager] UpmClient::Send -- Unable to send message (not connected to UPM process).
[Package Manager] Cannot connect to Unity Package Manager local server
[Package Manager] Server::EnsureServerProcessIsRunning -- launch failed, reason: Unity was launched with the -noUpm command-line argument
[Package Manager] UpmClient::Send -- Unable to send message (not connected to UPM process).
[Package Manager] Cannot connect to Unity Package Manager local server
Mono: successfully reloaded assembly
[Package Manager] Server::EnsureServerProcessIsRunning -- launch failed, reason: Unity was launched with the -noUpm command-line argument
[Package Manager] UpmClient::Send -- Unable to send message (not connected to UPM process).
[Package Manager] Cannot connect to Unity Package Manager local server
- Finished resetting the current domain, in  1.436 seconds
Domain Reload Profiling: 2135ms
	BeginReloadAssembly (194ms)
		ExecutionOrderSort (0ms)
		DisableScriptedObjects (4ms)
		BackupInstance (0ms)
		ReleaseScriptingObjects (0ms)
		CreateAndSetChildDomain (74ms)
	RebuildCommonClasses (31ms)
	RebuildNativeTypeToScriptingClass (13ms)
	initialDomainReloadingComplete (28ms)
	LoadAllAssembliesAndSetupDomain (433ms)
		LoadAssemblies (443ms)
		RebuildTransferFunctionScriptingTraits (0ms)
		AnalyzeDomain (66ms)
			TypeCache.Refresh (12ms)
				TypeCache.ScanAssembly (1ms)
			ScanForSourceGeneratedMonoScriptInfo (40ms)
			ResolveRequiredComponents (13ms)
	FinalizeReload (1437ms)
		ReleaseScriptCaches (0ms)
		RebuildScriptCaches (0ms)
		SetupLoadedEditorAssemblies (616ms)
			LogAssemblyErrors (0ms)
			InitializePlatformSupportModulesInManaged (17ms)
			SetLoadedEditorAssemblies (7ms)
			RefreshPlugins (0ms)
			BeforeProcessingInitializeOnLoad (122ms)
			ProcessInitializeOnLoadAttributes (331ms)
			ProcessInitializeOnLoadMethodAttributes (135ms)
			AfterProcessingInitializeOnLoad (3ms)
			EditorAssembliesLoaded (1ms)
		ExecutionOrderSort2 (0ms)
		AwakeInstancesAfterBackupRestoration (15ms)
Refreshing native plugins compatible for Editor in 14.91 ms, found 22 plugins.
Preloading 1 native plugins for Editor in 0.04 ms.
Unloading 8523 Unused Serialized files (Serialized files now loaded: 0)
Unloading 127 unused Assets / (1.8 MB). Loaded Objects now: 9249.
Memory consumption went from 277.7 MB to 275.9 MB.
Total: 5.543700 ms (FindLiveObjects: 0.617600 ms CreateObjectMapping: 0.445900 ms MarkObjects: 3.504700 ms  DeleteObjects: 0.974700 ms)

Prepare: number of updated asset objects reloaded= 0
AssetImportParameters requested are different than current active one (requested -> active):
  custom:scripting/monoscript/fileName/MRTKRigUtils.cs: 7cab73a6a48950f22e90b15fcb701ca1 -> 
  custom:scripting/precompiled-assembly-types:MagicLeap.SetupTool.Editor: 38903634440f72972b0029c130f6f43d -> c8a4952721ef65290adffddea608bec7
  custom:container-demuxer-ogg: 62fdf1f143b41e24485cea50d1cbac27 -> 
  custom:scripting/precompiled-assembly-types:MagicLeap.MRTK3.Editor: 78f48e49e81df891a28d85b39fbfb8a1 -> 
  custom:scripting/monoscript/fileName/MagicLeapMRTK3Settings.cs: bb66ea28f49e3efbba419bf81fd77348 -> 
  custom:scripting/monoscript/fileName/ActionBasedControllerTrackingStateModelVisibilityToggle.cs: cfe34c41c2b63cf1a9420afe123c73c5 -> 
  custom:framework-win-MediaFoundation: 216162199b28c13a410421893ffa2e32 -> 
  custom:scripting/monoscript/fileName/MagicLeapAuxiliaryXRProviderHandUtilityBase.cs: 385c097c724146ca18634079264ee6f4 -> 
  custom:scripting/monoscript/fileName/MagicLeapRiggedHandMeshVisualizer.cs: 7881e13060a5d169c561eebf113f789b -> 
  custom:scripting/monoscript/fileName/StereoConvergenceDetector.cs: 0bcb6dbe1c815b5d7ba518037137da9e -> 
  custom:scripting/monoscript/fileName/MagicLeapMRTK3SettingsProvider.cs: 99c9492594b054a4f0eec1fcb91593f0 -> 
  custom:scripting/precompiled-assembly-types:MagicLeap.MRTK3: f9ae00c1a2cbd2adb495452050a8cef9 -> 
  custom:scripting/monoscript/fileName/MagicLeapInputsOpenXR.cs: 0ecf0b5b4a9207402e80b603ad9a119c -> 
  custom:scripting/monoscript/fileName/MagicLeapKeywordRecognitionSubsystem.cs: f0c6bc5a7ef8b2bee579347916dfbd6c -> 
  custom:scripting/monoscript/fileName/MagicLeapInputSimulator.cs: 060c0f0b74b1166fbcf8482acd3c10e1 -> 
  custom:scripting/monoscript/fileName/MagicLeapAuxiliaryXRProviderHandUtility_OpenXRProvider.cs: d81331995ff076a11d75df54c7465d4b -> 
  custom:container-muxer-webm: aa71ff27fc2769a1b78a27578f13a17b -> 
  custom:video-decoder-webm-vp8: 9c59270c3fd7afecdb556c50c9e8de78 -> 
  custom:SearchIndexIgnoredProperties: e643bd26f0fe6173181afceb89e7c659 -> 
  custom:scripting/monoscript/fileName/MagicLeapInputSimulatorUI.cs: 8bf172ce7563122369184af762e52ef1 -> 
  custom:scripting/monoscript/fileName/InputActionOverridePropertyDrawer.cs: 3740c52d11469447580ae51703373180 -> 
  custom:AudioImporter_EditorPlatform: d09bf68614088b80899f8185d706f6e7 -> 
  custom:scripting/monoscript/fileName/IMagicLeapAuxiliaryXRProviderHandUtility.cs: 93366f4e17983d0b53a8201a74b1d26c -> 
  custom:scripting/monoscript/fileName/MagicLeapSimulatedControllerSettings.cs: a23de1ae06d233efed40c7efd7ecf42e -> 
  custom:audio-decoder-ogg-vorbis: bf7c407c2cedff20999df2af8eb42d56 -> 
  custom:scripting/monoscript/fileName/MagicLeapMRTK3SettingsUnityEditor.cs: d59640eef203aa71b043dac81530e69f -> 
  custom:scripting/monoscript/fileName/MagicLeapSimulatedControllerSettingsDrawer.cs: 93410514f443ebcec1f0c9963b04c405 -> 
  custom:audio-encoder-webm-vorbis: bf7c407c2cedff20999df2af8eb42d56 -> 
  custom:scripting/monoscript/fileName/JavaUtils.cs: 0fae3bf0ca867d9f9bc5a59b48e85624 -> 
  custom:scripting/precompiled-assembly-types:Assembly-CSharp: 56578a264075f8fc0b8a7405ba0821b7 -> 4a838732c9d0d743231d5397401230ad
  custom:scripting/monoscript/fileName/DepthImage.cs: 215e9a79d1c2d61b4f7ce0badbb1d3ea -> 
  custom:scripting/monoscript/fileName/MagicLeapSimulatedController.cs: 261161c698c2f5f7fdf376afbaf2c88b -> 
  custom:video-codec-MediaFoundation-h265: 746d11721c4dcdbdad8f713fa42b33f4 -> 
  custom:scripting/monoscript/fileName/MagicLeapAuxiliaryInputs.cs: 0ecf0b5b4a9207402e80b603ad9a119c -> 
  custom:video-decoder-ogg-theora: a1e56fd34408186e4bbccfd4996cb3dc -> 
  custom:scripting/monoscript/fileName/InputActionOverride.cs: 016963134a91da6379fc2e64606c7a2b -> 
  custom:scripting/monoscript/fileName/MagicLeapAuxiliaryHandUtils.cs: e6152399a322edd0c05650ca0d458336 -> 
  custom:CustomObjectIndexerAttribute: 72b91833f83ae208fae7752999fa3104 -> 
  custom:scripting/monoscript/fileName/MagicLeapAuxiliaryHandDevice.cs: b3849b3aa28c57221790fd9493a8c324 -> 
  custom:container-demuxer-webm: 4f35f7cbe854078d1ac9338744f61a02 -> 
  custom:scripting/monoscript/fileName/MonoBehaviourProxy.cs: 09037a604115ab8610cfd3b055cb7607 -> 
  custom:scripting/monoscript/fileName/IPermissionCallbackHandler.cs: 031a513d6394199f289ec7eca9b81312 -> 
  custom:scripting/monoscript/fileName/MagicLeapMRTK3SettingsGeneralBase.cs: 6d1470856da100784e733a4868baf55d -> 
  custom:scripting/monoscript/fileName/MagicLeapMRTK3SettingsObject.cs: 5bf82a1ef5ecc64f5f08dc8db666edc8 -> 
  custom:scripting/monoscript/fileName/TrackedHandJointVisualizer.cs: 1a52b3e5f8e4427134a733b82b98ba17 -> 
  custom:video-encoder-webm-vp8: eb34c28f22e8b96e1ab97ce403110664 -> 
  custom:scripting/monoscript/fileName/MagicLeapMRTK3SettingsOpenXRGeneral.cs: b07d207a46056769ab6cefbe803aa4ee -> 
  custom:scripting/precompiled-assembly-types:UnityEngine.UI: 579430c76a6266bb073bf5f1b3c751c1 -> 435ea300f6ea6646627f670b8b9884a1
  custom:scripting/monoscript/fileName/MagicLeapFlatScreenModeDetector.cs: 35dd75886344c1b840651bca178b29c4 -> 
  custom:scripting/monoscript/fileName/MagicLeapMRTK3SettingsOpenXRRigConfig.cs: 34034c412cd0fd543e88da305d60ff00 -> 
  custom:scripting/monoscript/fileName/MagicLeapMRTK3SettingsPermissionsConfig.cs: a8c779e4dfdbe9d2a5f5780acd430081 -> 
  custom:scripting/monoscript/fileName/MagicLeapControllerHandProximityDisabler.cs: a7ce9146568b49342988c425de2f60dd -> 
  custom:scripting/monoscript/fileName/MagicLeapMRTK3SettingsRigConfigBase.cs: aa002883c50efd953e5b5d783ed26754 -> 
  custom:scripting/monoscript/fileName/MagicLeapMRTK3SettingsRuntime.cs: e40dd4cf07a14161ba414d6e8fe966ea -> 
